[2046596334] Using port 4461
Server waiting for client
Connected player with UUID src
Assigned index 0 (Red)
Server waiting for client
Connected player with UUID Bots
Assigned index 1 (Blue)
[2046601901] Initializing game...
[0] src (Comm open) - sending GET_READY...
[0] src (Comm open) - Ready!
[1] Bots (Comm open) - sending GET_READY...
[1] Bots (Comm open) - Ready!
java.io.FileNotFoundException: Videos\Gameplay.avi (The system cannot find the path specified)
	at java.io.RandomAccessFile.open0(Native Method)
	at java.io.RandomAccessFile.open(RandomAccessFile.java:316)
	at java.io.RandomAccessFile.<init>(RandomAccessFile.java:243)
	at javax.imageio.stream.FileImageOutputStream.<init>(FileImageOutputStream.java:69)
	at org.monte.media.avi.AVIOutputStream.<init>(AVIOutputStream.java:81)
	at org.monte.media.avi.AVIWriter.<init>(AVIWriter.java:65)
	at com.orbischallenge.framewriter.MonteFrameEncoder.<init>(MonteFrameEncoder.java:38)
	at com.orbischallenge.game.engine.drawing2.contexts.AWTContext.<init>(AWTContext.java:100)
	at com.orbischallenge.firefly.server.game.Fireflies.start(Fireflies.java:105)
	at com.orbischallenge.firefly.server.RunServer.runGame(RunServer.java:47)
	at com.orbischallenge.firefly.server.RunServer.main(RunServer.java:34)
[2046605346] Asking 0 for move
[2046605346] Asking 1 for move
[2046605516] Got 1's move
[2046605526] Got 0's move
[2046605537] ===== Move Frame 0 =========
[2046605537] ==============================
...................
...................
...+...............
..+BB..............
...+...............
...................
...................
...................
...................
...................
...................
...................
...................
...................
...............-...
..............-A-..
...............-...
...................
...................
[2046606160] Asking 0 for move
[2046606160] Asking 1 for move
[2046606166] Got 0's move
[2046606167] Got 1's move
[2046606177] ===== Move Frame 1 =========
[2046606177] ==============================
...................
...................
...+...............
..+BBB.............
...+...............
...................
...................
...................
...................
...................
...................
...................
...................
...................
...............-...
..............-A-..
...............-...
...................
...................
[2046606787] Asking 0 for move
[2046606787] Asking 1 for move
[2046606793] Got 0's move
[2046606797] Got 1's move
[2046606806] ===== Move Frame 2 =========
[2046606806] ==============================
...................
...................
...+B..............
..+BB+B............
...+...............
...................
...................
...................
...................
...................
...................
...................
...................
...................
...............-...
..............-A-..
...............-...
...................
...................
[2046607413] Asking 0 for move
[2046607413] Asking 1 for move
[2046607423] Got 0's move
[2046607430] Got 1's move
[2046607441] ===== Move Frame 3 =========
[2046607441] ==============================
...................
...................
...++B.............
..+BB++B...........
...+B..............
...................
...................
...................
...................
...................
...................
...................
...................
...................
...............-...
..............-A-..
...............-...
...................
...................
[2046608050] Asking 0 for move
[2046608050] Asking 1 for move
[2046608058] Got 0's move
[2046608061] Got 1's move
[2046608061] ===== Move Frame 4 =========
[2046608061] ==============================
...................
...................
...B++B............
..+B+B++B..........
...++B.............
...................
...................
...................
...................
...................
...................
...................
...................
...................
...............-...
..............-A-..
...............-...
...................
...................
[2046608669] Asking 0 for move
[2046608671] Asking 1 for move
[2046608676] Got 0's move
[2046608686] Got 1's move
[2046608688] ===== Move Frame 5 =========
[2046608688] ==============================
...................
...B...............
...B+++B...........
..+B++B++B.........
...+++B............
...................
...................
...................
...................
...................
...................
...................
...................
...................
...............-...
..............-A-..
...............-...
...................
...................
[2046609295] Asking 1 for move
[2046609295] Asking 0 for move
[2046609303] Got 0's move
[2046609305] Got 1's move
[2046609315] ===== Move Frame 6 =========
[2046609315] ==============================
...................
...+B..............
..BB++++B..........
..+B+++B++B........
...++++B...........
...................
...................
...................
...................
...................
...................
...................
...................
...................
...............-...
..............-A-..
...............-...
...................
...................
[2046609920] Asking 0 for move
[2046609920] Asking 1 for move
[2046609927] Got 0's move
[2046609936] Got 1's move
[2046609946] ===== Move Frame 7 =========
[2046609947] ==============================
...................
..BB+B.............
..+++++++B.........
..BB++++B++B.......
...+++++B..........
...................
...................
...................
...................
...................
...................
...................
...................
...................
...............-...
..............-A-..
...............-...
...................
...................
[2046610553] Asking 1 for move
[2046610553] Asking 0 for move
[2046610558] Got 0's move
[2046610585] Got 1's move
[2046610586] ===== Move Frame 8 =========
[2046610586] ==============================
..BB...............
..++++B............
..++++++++B........
.BBB+++++B++B......
...++++++B.........
...................
...................
...................
...................
...................
...................
...................
...................
...................
...............-...
..............-A-..
...............-...
...................
...................
[2046611190] Asking 0 for move
[2046611190] Asking 1 for move
[2046611199] Got 1's move
[2046611202] Got 0's move
[2046611212] ===== Move Frame 9 =========
[2046611212] ==============================
..++B..............
..+++++B...........
.B+++++++++B.......
.+BB++++++B++B.....
..B+++++++B........
...................
...................
...................
...................
...................
...................
...................
...................
...................
...............-...
..............-A-..
...............-...
...................
..B................
[2046611819] Asking 1 for move
[2046611819] Asking 0 for move
[2046611824] Got 0's move
[2046611827] Got 1's move
[2046611834] ===== Move Frame 10 =========
[2046611834] ==============================
..+++B.............
.B++++++B..........
.+++++++++++B......
.B+B+++++++B++B....
.B+B+++++++B.......
...................
...................
...................
...................
...................
...................
...................
...................
...................
...............-...
..............-A-..
...............-...
...................
..+B...............
[2046612439] Asking 0 for move
[2046612439] Asking 1 for move
[2046612449] Got 0's move
[2046612456] Got 1's move
[2046612459] ===== Move Frame 11 =========
[2046612459] ==============================
.B++++B............
.++++++++B.........
.++++++++++++B.....
B++B++++++++B++B...
B++B++++++++B......
...B...............
...................
...................
...................
...................
...................
...................
...................
...................
...............-...
..............-A-..
...............-...
...................
..++B..............
[2046613071] Asking 1 for move
[2046613071] Asking 0 for move
[2046613084] Got 0's move
[2046613091] Got 1's move
[2046613100] ===== Move Frame 12 =========
[2046613100] ==============================
.++++++B...........
.+++++++++B........
B+++++++++++++B....
+++BB++++++++B++B..
++++B++++++++B....B
...+B..............
...................
...................
...................
...................
...................
...................
...................
...................
...............-...
..............-A-..
...............-...
...................
.B+++B.............
[2046613705] Asking 0 for move
[2046613705] Asking 1 for move
[2046613714] Got 1's move
[2046613717] Got 0's move
[2046613724] ===== Move Frame 13 =========
[2046613724] ==============================
.+++++++B..........
B++++++++++B.......
+++++++++++++++B...
++BB+B++++++++B++BB
+++++B++++++++B...+
...++B.............
...................
...................
...................
...................
...................
...................
...................
...................
...............-...
..............-A-..
...............-...
.B.................
.+++++B............
[2046614329] Asking 0 for move
[2046614329] Asking 1 for move
[2046614336] Got 0's move
[2046614344] Got 1's move
[2046614354] ===== Move Frame 14 =========
[2046614354] ==============================
B++++++++B.........
++++++++++++B......
++++++++++++++++BBB
++BB++B++++++++B+++
++B+++B++++++++B..+
...+++B............
...................
...................
...................
...................
...................
...................
...................
...................
...............-...
..............-A-..
...............-...
.+B................
.++++++B...........
[2046614959] Asking 1 for move
[2046614959] Asking 0 for move
[2046614968] Got 0's move
[2046614975] Got 1's move
[2046614985] ===== Move Frame 15 =========
[2046614985] ==============================
++++++++++B........
+++++++++++++B..BBB
+++++++++++++++++++
++BB+++B++++++++B++
++B++++B++++++++B.+
..B++++B...........
...................
...................
...................
...................
...................
...................
...................
...................
...............-...
..............-A-..
...............-...
.++B...............
B+++++++B..........
[2046615591] Asking 0 for move
[2046615591] Asking 1 for move
[2046615600] Got 1's move
[2046615612] Got 0's move
[2046615622] ===== Move Frame 16 =========
[2046615622] ==============================
+++++++++++B....BBB
++++++++++++++B.+++
+++++++++++++++++++
+B+B++++B++++++++B+
+B+B++++B++++++++B+
.B++++++B..........
...................
...................
...................
...................
...................
...................
...................
...................
...............-...
..............-A-..
...............-...
B+++B..............
+++++++++B.........
[2046616226] Asking 0 for move
[2046616227] Asking 1 for move
[2046616231] Got 0's move
[2046616235] Got 1's move
[2046616241] ===== Move Frame 17 =========
[2046616241] ==============================
++++++++++++B...+++
+++++++++++++++B+++
+++++++++++++++++++
B++B+++++B+++++++++
B++B+++++B+++++++B+
B++B+++++B.......B.
...................
...................
...................
...................
...................
...................
...................
...................
...............-...
..............-A-..
B..............-...
+++++B.............
++++++++++B.....BBB
[2046616847] Asking 1 for move
[2046616847] Asking 0 for move
[2046616853] Got 0's move
[2046616857] Got 1's move
[2046616867] ===== Move Frame 18 =========
[2046616867] ==============================
+++++++++++++B.B+++
+++++++++++++++++++
+++++++++++++++++++
+++B++++++B+++++++B
+++B++++++B+++++++B
+++B++++++B......+B
...B...............
...................
...................
...................
...................
...................
...................
...................
...............-...
..............-A-..
+B.............-...
++++++B.........BBB
+++++++++++B....+++
[2046617473] Asking 0 for move
[2046617474] Asking 1 for move
[2046617480] Got 0's move
[2046617484] Got 1's move
[2046617485] ===== Move Frame 19 =========
[2046617485] ==============================
++++++++++++++B++++
+++++++++++++++++++
+++++++++++++++++++
+++BB++++++B+++++++
++++B++++++B++++++B
++++B++++++B.....+B
...+B.............B
...................
...................
...................
...................
...................
...................
...................
...............-...
..............-A-..
++B............-BBB
+++++++B........+++
++++++++++++B..B+++
[2046618109] Asking 0 for move
[2046618109] Asking 1 for move
[2046618117] Got 0's move
[2046618129] Got 1's move
[2046618130] ===== Move Frame 20 =========
[2046618130] ==============================
[2046618138] ********* Game over! *********
[2046618140] Score breakdown: 

=== Team src ===
Missed turns: 0

Non-permanent tiles: 0
Permanent tiles: 0 * 2
---------------------------------
Total Score: 0

=== Team Bots ===
Missed turns: 0

Non-permanent tiles: 156
Permanent tiles: 5 * 2
---------------------------------
Total Score: 166


Winner: Bots
